Open On-Chip Debugger 0.10.0-dev-00226-gdda982d-dirty (2017-08-25-12:11)
Licensed under GNU GPL v2
For bug reports, read
	http://openocd.org/doc/doxygen/bugs.html
Info : only one transport option; autoselect 'jtag'
trst_and_srst separate srst_nogate trst_push_pull srst_push_pull connect_assert_srst
adapter speed: 1000 kHz
adapter_nsrst_delay: 100
jtag_ntrst_delay: 100
Warn : target name is deprecated use: 'cortex_m'
jtag_init
Warn : Using DEPRECATED interface driver 'ft2232'
Info : Consider using the 'ftdi' interface driver, with configuration files in interface/ftdi/...
Info : max TCK change to: 30000 kHz
Info : clock speed 1000 kHz
Info : JTAG tap: stm32f2xxx.cpu tap/device found: 0x4ba00477 (mfg: 0x23b, part: 0xba00, ver: 0x4)
Info : JTAG tap: stm32f2xxx.bs tap/device found: 0x06411041 (mfg: 0x020, part: 0x6411, ver: 0x0)
Info : stm32f2xxx.cpu: hardware has 6 breakpoints, 4 watchpoints
Info : JTAG tap: stm32f2xxx.cpu tap/device found: 0x4ba00477 (mfg: 0x23b, part: 0xba00, ver: 0x4)
Info : JTAG tap: stm32f2xxx.bs tap/device found: 0x06411041 (mfg: 0x020, part: 0x6411, ver: 0x0)
auto erase enabled
Error: couldn't open newreflex

